{"data":{"depth":0,"url":"https://pkg.go.dev/"},"hypothesisId":"H1","id":"log_1772734939197608300","location":"crawler/crawler.go:Start","message":"seed_job","runId":"run1","sessionId":"815281","timestamp":1772734939197}
{"data":{},"hypothesisId":"H2","id":"log_1772734939198738400","location":"crawler/crawler.go:Start","message":"wait_begin","runId":"run1","sessionId":"815281","timestamp":1772734939198}
{"data":{"depth":0,"url":"https://pkg.go.dev/"},"hypothesisId":"H1","id":"log_1772734939198738400","location":"crawler/crawler.go:Start-worker","message":"pre_process","runId":"run1","sessionId":"815281","timestamp":1772734939198}
{"data":{"depth":0,"maxDepth":1,"maxPages":5,"pageCount":0,"url":"https://pkg.go.dev/"},"hypothesisId":"H3","id":"log_1772734939199300000","location":"crawler/crawler.go:process","message":"enter","runId":"run1","sessionId":"815281","timestamp":1772734939199}
{"data":{"depth":0,"url":"https://pkg.go.dev/"},"hypothesisId":"H1","id":"log_1772734985004166900","location":"crawler/crawler.go:Start","message":"seed_job","runId":"run1","sessionId":"815281","timestamp":1772734985004}
{"data":{},"hypothesisId":"H2","id":"log_1772734985006101500","location":"crawler/crawler.go:Start","message":"wait_begin","runId":"run1","sessionId":"815281","timestamp":1772734985006}
{"data":{"depth":0,"url":"https://pkg.go.dev/"},"hypothesisId":"H1","id":"log_1772734985007446400","location":"crawler/crawler.go:Start-worker","message":"pre_process","runId":"run1","sessionId":"815281","timestamp":1772734985007}
{"data":{"depth":0,"maxDepth":1,"maxPages":5,"pageCount":0,"url":"https://pkg.go.dev/"},"hypothesisId":"H3","id":"log_1772734985014145700","location":"crawler/crawler.go:process","message":"enter","runId":"run1","sessionId":"815281","timestamp":1772734985014}
{"data":{"childUrl":"https://pkg.go.dev/#main-content","depth":1,"parentUrl":"https://pkg.go.dev/"},"hypothesisId":"H6","id":"log_1772735034405062100","location":"crawler/crawler.go:process","message":"enqueue_child","runId":"run1","sessionId":"815281","timestamp":1772735034405}
{"data":{"childUrl":"https://pkg.go.dev/","depth":1,"parentUrl":"https://pkg.go.dev/"},"hypothesisId":"H6","id":"log_1772735034407374000","location":"crawler/crawler.go:process","message":"enqueue_child","runId":"run1","sessionId":"815281","timestamp":1772735034407}
{"data":{"childUrl":"https://pkg.go.dev/","depth":1,"parentUrl":"https://pkg.go.dev/"},"hypothesisId":"H6","id":"log_1772735034408905000","location":"crawler/crawler.go:process","message":"enqueue_child","runId":"run1","sessionId":"815281","timestamp":1772735034408}
{"data":{"depth":1,"url":"https://pkg.go.dev/#main-content"},"hypothesisId":"H1","id":"log_1772735034408905000","location":"crawler/crawler.go:Start-worker","message":"pre_process","runId":"run1","sessionId":"815281","timestamp":1772735034408}
{"data":{"depth":1,"url":"https://pkg.go.dev/"},"hypothesisId":"H1","id":"log_1772735034408905000","location":"crawler/crawler.go:Start-worker","message":"pre_process","runId":"run1","sessionId":"815281","timestamp":1772735034408}
{"data":{"childUrl":"https://pkg.go.dev/std","depth":1,"parentUrl":"https://pkg.go.dev/"},"hypothesisId":"H6","id":"log_1772735034408905000","location":"crawler/crawler.go:process","message":"enqueue_child","runId":"run1","sessionId":"815281","timestamp":1772735034408}
{"data":{"depth":1,"maxDepth":1,"maxPages":5,"pageCount":1,"url":"https://pkg.go.dev/"},"hypothesisId":"H3","id":"log_1772735034409915800","location":"crawler/crawler.go:process","message":"enter","runId":"run1","sessionId":"815281","timestamp":1772735034409}
{"data":{"depth":1,"maxDepth":1,"maxPages":5,"pageCount":1,"url":"https://pkg.go.dev/#main-content"},"hypothesisId":"H3","id":"log_1772735034409915800","location":"crawler/crawler.go:process","message":"enter","runId":"run1","sessionId":"815281","timestamp":1772735034409}
{"data":{"childUrl":"https://pkg.go.dev/","depth":1,"parentUrl":"https://pkg.go.dev/"},"hypothesisId":"H6","id":"log_1772735034409915800","location":"crawler/crawler.go:process","message":"enqueue_child","runId":"run1","sessionId":"815281","timestamp":1772735034409}
{"data":{"depth":1,"url":"https://pkg.go.dev/"},"hypothesisId":"H1","id":"log_1772735034409915800","location":"crawler/crawler.go:Start-worker","message":"post_process","runId":"run1","sessionId":"815281","timestamp":1772735034409}
{"data":{"depth":1,"url":"https://pkg.go.dev/"},"hypothesisId":"H1","id":"log_1772735034409915800","location":"crawler/crawler.go:Start-worker","message":"pre_process","runId":"run1","sessionId":"815281","timestamp":1772735034409}
{"data":{"childUrl":"https://pkg.go.dev/","depth":1,"parentUrl":"https://pkg.go.dev/"},"hypothesisId":"H6","id":"log_1772735034410929100","location":"crawler/crawler.go:process","message":"enqueue_child","runId":"run1","sessionId":"815281","timestamp":1772735034410}
{"data":{"depth":1,"url":"https://pkg.go.dev/"},"hypothesisId":"H1","id":"log_1772735034410929100","location":"crawler/crawler.go:Start-worker","message":"pre_process","runId":"run1","sessionId":"815281","timestamp":1772735034410}
{"data":{"depth":1,"maxDepth":1,"maxPages":5,"pageCount":2,"url":"https://pkg.go.dev/"},"hypothesisId":"H3","id":"log_1772735034410929100","location":"crawler/crawler.go:process","message":"enter","runId":"run1","sessionId":"815281","timestamp":1772735034410}
{"data":{"childUrl":"https://pkg.go.dev/","depth":1,"parentUrl":"https://pkg.go.dev/"},"hypothesisId":"H6","id":"log_1772735034410929100","location":"crawler/crawler.go:process","message":"enqueue_child","runId":"run1","sessionId":"815281","timestamp":1772735034410}
{"data":{"depth":1,"url":"https://pkg.go.dev/std"},"hypothesisId":"H1","id":"log_1772735034410929100","location":"crawler/crawler.go:Start-worker","message":"pre_process","runId":"run1","sessionId":"815281","timestamp":1772735034410}
{"data":{"depth":1,"maxDepth":1,"maxPages":5,"pageCount":2,"url":"https://pkg.go.dev/"},"hypothesisId":"H3","id":"log_1772735034411933600","location":"crawler/crawler.go:process","message":"enter","runId":"run1","sessionId":"815281","timestamp":1772735034411}
{"data":{"depth":1,"url":"https://pkg.go.dev/"},"hypothesisId":"H1","id":"log_1772735034411933600","location":"crawler/crawler.go:Start-worker","message":"post_process","runId":"run1","sessionId":"815281","timestamp":1772735034412}
{"data":{"childUrl":"https://pkg.go.dev/","depth":1,"parentUrl":"https://pkg.go.dev/"},"hypothesisId":"H6","id":"log_1772735034412931700","location":"crawler/crawler.go:process","message":"enqueue_child","runId":"run1","sessionId":"815281","timestamp":1772735034412}
{"data":{"depth":1,"maxDepth":1,"maxPages":5,"pageCount":2,"url":"https://pkg.go.dev/std"},"hypothesisId":"H3","id":"log_1772735034412931700","location":"crawler/crawler.go:process","message":"enter","runId":"run1","sessionId":"815281","timestamp":1772735034412}
{"data":{"depth":1,"url":"https://pkg.go.dev/"},"hypothesisId":"H1","id":"log_1772735034412931700","location":"crawler/crawler.go:Start-worker","message":"post_process","runId":"run1","sessionId":"815281","timestamp":1772735034412}
{"data":{"depth":1,"url":"https://pkg.go.dev/"},"hypothesisId":"H1","id":"log_1772735034412931700","location":"crawler/crawler.go:Start-worker","message":"pre_process","runId":"run1","sessionId":"815281","timestamp":1772735034412}
{"data":{"childUrl":"https://pkg.go.dev/","depth":1,"parentUrl":"https://pkg.go.dev/"},"hypothesisId":"H6","id":"log_1772735034414032500","location":"crawler/crawler.go:process","message":"enqueue_child","runId":"run1","sessionId":"815281","timestamp":1772735034414}
{"data":{"depth":1,"url":"https://pkg.go.dev/"},"hypothesisId":"H1","id":"log_1772735034414032500","location":"crawler/crawler.go:Start-worker","message":"pre_process","runId":"run1","sessionId":"815281","timestamp":1772735034414}
{"data":{"depth":1,"maxDepth":1,"maxPages":5,"pageCount":3,"url":"https://pkg.go.dev/"},"hypothesisId":"H3","id":"log_1772735034414032500","location":"crawler/crawler.go:process","message":"enter","runId":"run1","sessionId":"815281","timestamp":1772735034414}
{"data":{"childUrl":"https://pkg.go.dev/","depth":1,"parentUrl":"https://pkg.go.dev/"},"hypothesisId":"H6","id":"log_1772735034415032800","location":"crawler/crawler.go:process","message":"enqueue_child","runId":"run1","sessionId":"815281","timestamp":1772735034415}
{"data":{"depth":1,"url":"https://pkg.go.dev/"},"hypothesisId":"H1","id":"log_1772735034415032800","location":"crawler/crawler.go:Start-worker","message":"post_process","runId":"run1","sessionId":"815281","timestamp":1772735034415}
{"data":{"depth":1,"maxDepth":1,"maxPages":5,"pageCount":3,"url":"https://pkg.go.dev/"},"hypothesisId":"H3","id":"log_1772735034415032800","location":"crawler/crawler.go:process","message":"enter","runId":"run1","sessionId":"815281","timestamp":1772735034415}
{"data":{"childUrl":"https://pkg.go.dev/std","depth":1,"parentUrl":"https://pkg.go.dev/"},"hypothesisId":"H6","id":"log_1772735034416041500","location":"crawler/crawler.go:process","message":"enqueue_child","runId":"run1","sessionId":"815281","timestamp":1772735034416}
{"data":{"depth":1,"url":"https://pkg.go.dev/"},"hypothesisId":"H1","id":"log_1772735034416041500","location":"crawler/crawler.go:Start-worker","message":"pre_process","runId":"run1","sessionId":"815281","timestamp":1772735034416}
{"data":{"depth":1,"url":"https://pkg.go.dev/"},"hypothesisId":"H1","id":"log_1772735034416041500","location":"crawler/crawler.go:Start-worker","message":"post_process","runId":"run1","sessionId":"815281","timestamp":1772735034416}
{"data":{"childUrl":"https://pkg.go.dev/","depth":1,"parentUrl":"https://pkg.go.dev/"},"hypothesisId":"H6","id":"log_1772735034416041500","location":"crawler/crawler.go:process","message":"enqueue_child","runId":"run1","sessionId":"815281","timestamp":1772735034416}
{"data":{"depth":1,"maxDepth":1,"maxPages":5,"pageCount":3,"url":"https://pkg.go.dev/"},"hypothesisId":"H3","id":"log_1772735034417037100","location":"crawler/crawler.go:process","message":"enter","runId":"run1","sessionId":"815281","timestamp":1772735034417}
{"data":{"depth":1,"url":"https://pkg.go.dev/"},"hypothesisId":"H1","id":"log_1772735034417552000","location":"crawler/crawler.go:Start-worker","message":"pre_process","runId":"run1","sessionId":"815281","timestamp":1772735034417}
{"data":{"childUrl":"https://pkg.go.dev/","depth":1,"parentUrl":"https://pkg.go.dev/"},"hypothesisId":"H6","id":"log_1772735034417552000","location":"crawler/crawler.go:process","message":"enqueue_child","runId":"run1","sessionId":"815281","timestamp":1772735034417}
{"data":{"depth":1,"url":"https://pkg.go.dev/"},"hypothesisId":"H1","id":"log_1772735034417552000","location":"crawler/crawler.go:Start-worker","message":"post_process","runId":"run1","sessionId":"815281","timestamp":1772735034417}
{"data":{"depth":1,"maxDepth":1,"maxPages":5,"pageCount":3,"url":"https://pkg.go.dev/"},"hypothesisId":"H3","id":"log_1772735034417552000","location":"crawler/crawler.go:process","message":"enter","runId":"run1","sessionId":"815281","timestamp":1772735034417}
{"data":{"childUrl":"https://pkg.go.dev/","depth":1,"parentUrl":"https://pkg.go.dev/"},"hypothesisId":"H6","id":"log_1772735034417552000","location":"crawler/crawler.go:process","message":"enqueue_child","runId":"run1","sessionId":"815281","timestamp":1772735034417}
{"data":{"depth":1,"url":"https://pkg.go.dev/"},"hypothesisId":"H1","id":"log_1772735034418567200","location":"crawler/crawler.go:Start-worker","message":"post_process","runId":"run1","sessionId":"815281","timestamp":1772735034418}
{"data":{"depth":1,"url":"https://pkg.go.dev/"},"hypothesisId":"H1","id":"log_1772735034418567200","location":"crawler/crawler.go:Start-worker","message":"pre_process","runId":"run1","sessionId":"815281","timestamp":1772735034418}
{"data":{"childUrl":"https://pkg.go.dev/search?q=http","depth":1,"parentUrl":"https://pkg.go.dev/"},"hypothesisId":"H6","id":"log_1772735034418567200","location":"crawler/crawler.go:process","message":"enqueue_child","runId":"run1","sessionId":"815281","timestamp":1772735034418}
{"data":{"depth":1,"url":"https://pkg.go.dev/std"},"hypothesisId":"H1","id":"log_1772735034419585400","location":"crawler/crawler.go:Start-worker","message":"pre_process","runId":"run1","sessionId":"815281","timestamp":1772735034419}
{"data":{"depth":1,"maxDepth":1,"maxPages":5,"pageCount":3,"url":"https://pkg.go.dev/"},"hypothesisId":"H3","id":"log_1772735034419585400","location":"crawler/crawler.go:process","message":"enter","runId":"run1","sessionId":"815281","timestamp":1772735034419}
{"data":{"childUrl":"https://pkg.go.dev/search?q=command","depth":1,"parentUrl":"https://pkg.go.dev/"},"hypothesisId":"H6","id":"log_1772735034419585400","location":"crawler/crawler.go:process","message":"enqueue_child","runId":"run1","sessionId":"815281","timestamp":1772735034419}
{"data":{"depth":1,"maxDepth":1,"maxPages":5,"pageCount":3,"url":"https://pkg.go.dev/std"},"hypothesisId":"H3","id":"log_1772735034420585900","location":"crawler/crawler.go:process","message":"enter","runId":"run1","sessionId":"815281","timestamp":1772735034420}
{"data":{"depth":1,"url":"https://pkg.go.dev/"},"hypothesisId":"H1","id":"log_1772735034420585900","location":"crawler/crawler.go:Start-worker","message":"post_process","runId":"run1","sessionId":"815281","timestamp":1772735034420}
{"data":{"childUrl":"https://pkg.go.dev/search-help","depth":1,"parentUrl":"https://pkg.go.dev/"},"hypothesisId":"H6","id":"log_1772735034421583400","location":"crawler/crawler.go:process","message":"enqueue_child","runId":"run1","sessionId":"815281","timestamp":1772735034421}
{"data":{"depth":1,"url":"https://pkg.go.dev/std"},"hypothesisId":"H1","id":"log_1772735034421583400","location":"crawler/crawler.go:Start-worker","message":"post_process","runId":"run1","sessionId":"815281","timestamp":1772735034421}
{"data":{"depth":1,"url":"https://pkg.go.dev/"},"hypothesisId":"H1","id":"log_1772735034421583400","location":"crawler/crawler.go:Start-worker","message":"pre_process","runId":"run1","sessionId":"815281","timestamp":1772735034421}
{"data":{"childUrl":"https://pkg.go.dev/search?q=Unmarshal","depth":1,"parentUrl":"https://pkg.go.dev/"},"hypothesisId":"H6","id":"log_1772735034421583400","location":"crawler/crawler.go:process","message":"enqueue_child","runId":"run1","sessionId":"815281","timestamp":1772735034421}
{"data":{"depth":1,"maxDepth":1,"maxPages":5,"pageCount":3,"url":"https://pkg.go.dev/"},"hypothesisId":"H3","id":"log_1772735034422586200","location":"crawler/crawler.go:process","message":"enter","runId":"run1","sessionId":"815281","timestamp":1772735034422}
{"data":{"depth":1,"url":"https://pkg.go.dev/"},"hypothesisId":"H1","id":"log_1772735034422586200","location":"crawler/crawler.go:Start-worker","message":"pre_process","runId":"run1","sessionId":"815281","timestamp":1772735034422}
{"data":{"childUrl":"https://pkg.go.dev/search?q=io.Reader","depth":1,"parentUrl":"https://pkg.go.dev/"},"hypothesisId":"H6","id":"log_1772735034422586200","location":"crawler/crawler.go:process","message":"enqueue_child","runId":"run1","sessionId":"815281","timestamp":1772735034422}
{"data":{"depth":1,"url":"https://pkg.go.dev/"},"hypothesisId":"H1","id":"log_1772735034423591400","location":"crawler/crawler.go:Start-worker","message":"post_process","runId":"run1","sessionId":"815281","timestamp":1772735034423}
{"data":{"depth":1,"maxDepth":1,"maxPages":5,"pageCount":3,"url":"https://pkg.go.dev/"},"hypothesisId":"H3","id":"log_1772735034423591400","location":"crawler/crawler.go:process","message":"enter","runId":"run1","sessionId":"815281","timestamp":1772735034423}
{"data":{"childUrl":"https://pkg.go.dev/search-help","depth":1,"parentUrl":"https://pkg.go.dev/"},"hypothesisId":"H6","id":"log_1772735034423591400","location":"crawler/crawler.go:process","message":"enqueue_child","runId":"run1","sessionId":"815281","timestamp":1772735034423}
{"data":{"depth":1,"url":"https://pkg.go.dev/"},"hypothesisId":"H1","id":"log_1772735034424587800","location":"crawler/crawler.go:Start-worker","message":"pre_process","runId":"run1","sessionId":"815281","timestamp":1772735034424}
{"data":{"childUrl":"https://pkg.go.dev/search?q=golang.org%2fx%20%23error","depth":1,"parentUrl":"https://pkg.go.dev/"},"hypothesisId":"H6","id":"log_1772735034424587800","location":"crawler/crawler.go:process","message":"enqueue_child","runId":"run1","sessionId":"815281","timestamp":1772735034424}
{"data":{"depth":1,"maxDepth":1,"maxPages":5,"pageCount":3,"url":"https://pkg.go.dev/"},"hypothesisId":"H3","id":"log_1772735034424587800","location":"crawler/crawler.go:process","message":"enter","runId":"run1","sessionId":"815281","timestamp":1772735034424}
{"data":{"depth":1,"url":"https://pkg.go.dev/"},"hypothesisId":"H1","id":"log_1772735034424587800","location":"crawler/crawler.go:Start-worker","message":"post_process","runId":"run1","sessionId":"815281","timestamp":1772735034424}
{"data":{"childUrl":"https://pkg.go.dev/search?q=%23reader%20io","depth":1,"parentUrl":"https://pkg.go.dev/"},"hypothesisId":"H6","id":"log_1772735034425597200","location":"crawler/crawler.go:process","message":"enqueue_child","runId":"run1","sessionId":"815281","timestamp":1772735034425}
{"data":{"depth":1,"url":"https://pkg.go.dev/search?q=http"},"hypothesisId":"H1","id":"log_1772735034425597200","location":"crawler/crawler.go:Start-worker","message":"pre_process","runId":"run1","sessionId":"815281","timestamp":1772735034425}
{"data":{"depth":1,"url":"https://pkg.go.dev/"},"hypothesisId":"H1","id":"log_1772735034426587000","location":"crawler/crawler.go:Start-worker","message":"post_process","runId":"run1","sessionId":"815281","timestamp":1772735034426}
{"data":{"childUrl":"https://pkg.go.dev/search-help","depth":1,"parentUrl":"https://pkg.go.dev/"},"hypothesisId":"H6","id":"log_1772735034426587000","location":"crawler/crawler.go:process","message":"enqueue_child","runId":"run1","sessionId":"815281","timestamp":1772735034426}
{"data":{"depth":1,"maxDepth":1,"maxPages":5,"pageCount":3,"url":"https://pkg.go.dev/search?q=http"},"hypothesisId":"H3","id":"log_1772735034426587000","location":"crawler/crawler.go:process","message":"enter","runId":"run1","sessionId":"815281","timestamp":1772735034426}
{"data":{"depth":1,"url":"https://pkg.go.dev/search?q=command"},"hypothesisId":"H1","id":"log_1772735034426587000","location":"crawler/crawler.go:Start-worker","message":"pre_process","runId":"run1","sessionId":"815281","timestamp":1772735034426}
{"data":{"childUrl":"https://pkg.go.dev","depth":1,"parentUrl":"https://pkg.go.dev/"},"hypothesisId":"H6","id":"log_1772735034426587000","location":"crawler/crawler.go:process","message":"enqueue_child","runId":"run1","sessionId":"815281","timestamp":1772735034426}
{"data":{"childUrl":"https://pkg.go.dev/std","depth":1,"parentUrl":"https://pkg.go.dev/"},"hypothesisId":"H6","id":"log_1772735034428105000","location":"crawler/crawler.go:process","message":"enqueue_child","runId":"run1","sessionId":"815281","timestamp":1772735034428}
{"data":{"depth":1,"maxDepth":1,"maxPages":5,"pageCount":4,"url":"https://pkg.go.dev/search?q=command"},"hypothesisId":"H3","id":"log_1772735034428105000","location":"crawler/crawler.go:process","message":"enter","runId":"run1","sessionId":"815281","timestamp":1772735034428}
{"data":{"childUrl":"https://pkg.go.dev/golang.org/x","depth":1,"parentUrl":"https://pkg.go.dev/"},"hypothesisId":"H6","id":"log_1772735034429122700","location":"crawler/crawler.go:process","message":"enqueue_child","runId":"run1","sessionId":"815281","timestamp":1772735034429}
{"data":{"childUrl":"https://pkg.go.dev/about","depth":1,"parentUrl":"https://pkg.go.dev/"},"hypothesisId":"H6","id":"log_1772735034430347400","location":"crawler/crawler.go:process","message":"enqueue_child","runId":"run1","sessionId":"815281","timestamp":1772735034430}
{"data":{"depth":0,"url":"https://pkg.go.dev/"},"hypothesisId":"H1","id":"log_1772735034431514800","location":"crawler/crawler.go:Start-worker","message":"post_process","runId":"run1","sessionId":"815281","timestamp":1772735034431}
{"data":{"depth":1,"url":"https://pkg.go.dev/search-help"},"hypothesisId":"H1","id":"log_1772735034432085500","location":"crawler/crawler.go:Start-worker","message":"pre_process","runId":"run1","sessionId":"815281","timestamp":1772735034432}
{"data":{"depth":1,"maxDepth":1,"maxPages":5,"pageCount":5,"url":"https://pkg.go.dev/search-help"},"hypothesisId":"H3","id":"log_1772735034432085500","location":"crawler/crawler.go:process","message":"enter","runId":"run1","sessionId":"815281","timestamp":1772735034432}
{"data":{"maxPages":5,"pageCount":5,"url":"https://pkg.go.dev/search-help"},"hypothesisId":"H4","id":"log_1772735034432717600","location":"crawler/crawler.go:process","message":"skip_max_pages","runId":"run1","sessionId":"815281","timestamp":1772735034432}
{"data":{"depth":1,"url":"https://pkg.go.dev/search-help"},"hypothesisId":"H1","id":"log_1772735034433298400","location":"crawler/crawler.go:Start-worker","message":"post_process","runId":"run1","sessionId":"815281","timestamp":1772735034433}
{"data":{"depth":1,"url":"https://pkg.go.dev/search?q=Unmarshal"},"hypothesisId":"H1","id":"log_1772735034433895700","location":"crawler/crawler.go:Start-worker","message":"pre_process","runId":"run1","sessionId":"815281","timestamp":1772735034433}
{"data":{"depth":1,"maxDepth":1,"maxPages":5,"pageCount":5,"url":"https://pkg.go.dev/search?q=Unmarshal"},"hypothesisId":"H3","id":"log_1772735034434482700","location":"crawler/crawler.go:process","message":"enter","runId":"run1","sessionId":"815281","timestamp":1772735034434}
{"data":{"maxPages":5,"pageCount":5,"url":"https://pkg.go.dev/search?q=Unmarshal"},"hypothesisId":"H4","id":"log_1772735034435054500","location":"crawler/crawler.go:process","message":"skip_max_pages","runId":"run1","sessionId":"815281","timestamp":1772735034435}
{"data":{"depth":1,"url":"https://pkg.go.dev/search?q=Unmarshal"},"hypothesisId":"H1","id":"log_1772735034435646200","location":"crawler/crawler.go:Start-worker","message":"post_process","runId":"run1","sessionId":"815281","timestamp":1772735034435}
{"data":{"depth":1,"url":"https://pkg.go.dev/search?q=io.Reader"},"hypothesisId":"H1","id":"log_1772735034436204100","location":"crawler/crawler.go:Start-worker","message":"pre_process","runId":"run1","sessionId":"815281","timestamp":1772735034436}
{"data":{"depth":1,"maxDepth":1,"maxPages":5,"pageCount":5,"url":"https://pkg.go.dev/search?q=io.Reader"},"hypothesisId":"H3","id":"log_1772735034436792600","location":"crawler/crawler.go:process","message":"enter","runId":"run1","sessionId":"815281","timestamp":1772735034436}
{"data":{"maxPages":5,"pageCount":5,"url":"https://pkg.go.dev/search?q=io.Reader"},"hypothesisId":"H4","id":"log_1772735034437379200","location":"crawler/crawler.go:process","message":"skip_max_pages","runId":"run1","sessionId":"815281","timestamp":1772735034437}
{"data":{"depth":1,"url":"https://pkg.go.dev/search?q=io.Reader"},"hypothesisId":"H1","id":"log_1772735034437961400","location":"crawler/crawler.go:Start-worker","message":"post_process","runId":"run1","sessionId":"815281","timestamp":1772735034437}
{"data":{"depth":1,"url":"https://pkg.go.dev/search-help"},"hypothesisId":"H1","id":"log_1772735034438535700","location":"crawler/crawler.go:Start-worker","message":"pre_process","runId":"run1","sessionId":"815281","timestamp":1772735034438}
{"data":{"depth":1,"maxDepth":1,"maxPages":5,"pageCount":5,"url":"https://pkg.go.dev/search-help"},"hypothesisId":"H3","id":"log_1772735034439071100","location":"crawler/crawler.go:process","message":"enter","runId":"run1","sessionId":"815281","timestamp":1772735034439}
{"data":{"maxPages":5,"pageCount":5,"url":"https://pkg.go.dev/search-help"},"hypothesisId":"H4","id":"log_1772735034439641700","location":"crawler/crawler.go:process","message":"skip_max_pages","runId":"run1","sessionId":"815281","timestamp":1772735034439}
{"data":{"depth":1,"url":"https://pkg.go.dev/search-help"},"hypothesisId":"H1","id":"log_1772735034439641700","location":"crawler/crawler.go:Start-worker","message":"post_process","runId":"run1","sessionId":"815281","timestamp":1772735034439}
{"data":{"depth":1,"url":"https://pkg.go.dev/search?q=golang.org%2fx%20%23error"},"hypothesisId":"H1","id":"log_1772735034440217500","location":"crawler/crawler.go:Start-worker","message":"pre_process","runId":"run1","sessionId":"815281","timestamp":1772735034440}
{"data":{"depth":1,"maxDepth":1,"maxPages":5,"pageCount":5,"url":"https://pkg.go.dev/search?q=golang.org%2fx%20%23error"},"hypothesisId":"H3","id":"log_1772735034440793900","location":"crawler/crawler.go:process","message":"enter","runId":"run1","sessionId":"815281","timestamp":1772735034440}
{"data":{"maxPages":5,"pageCount":5,"url":"https://pkg.go.dev/search?q=golang.org%2fx%20%23error"},"hypothesisId":"H4","id":"log_1772735034441371600","location":"crawler/crawler.go:process","message":"skip_max_pages","runId":"run1","sessionId":"815281","timestamp":1772735034441}
{"data":{"depth":1,"url":"https://pkg.go.dev/search?q=golang.org%2fx%20%23error"},"hypothesisId":"H1","id":"log_1772735034441940700","location":"crawler/crawler.go:Start-worker","message":"post_process","runId":"run1","sessionId":"815281","timestamp":1772735034441}
{"data":{"depth":1,"url":"https://pkg.go.dev/search?q=%23reader%20io"},"hypothesisId":"H1","id":"log_1772735034442590700","location":"crawler/crawler.go:Start-worker","message":"pre_process","runId":"run1","sessionId":"815281","timestamp":1772735034442}
{"data":{"depth":1,"maxDepth":1,"maxPages":5,"pageCount":5,"url":"https://pkg.go.dev/search?q=%23reader%20io"},"hypothesisId":"H3","id":"log_1772735034443211800","location":"crawler/crawler.go:process","message":"enter","runId":"run1","sessionId":"815281","timestamp":1772735034443}
{"data":{"maxPages":5,"pageCount":5,"url":"https://pkg.go.dev/search?q=%23reader%20io"},"hypothesisId":"H4","id":"log_1772735034443782500","location":"crawler/crawler.go:process","message":"skip_max_pages","runId":"run1","sessionId":"815281","timestamp":1772735034443}
{"data":{"depth":1,"url":"https://pkg.go.dev/search?q=%23reader%20io"},"hypothesisId":"H1","id":"log_1772735034444371700","location":"crawler/crawler.go:Start-worker","message":"post_process","runId":"run1","sessionId":"815281","timestamp":1772735034444}
{"data":{"depth":1,"url":"https://pkg.go.dev/search-help"},"hypothesisId":"H1","id":"log_1772735034444966200","location":"crawler/crawler.go:Start-worker","message":"pre_process","runId":"run1","sessionId":"815281","timestamp":1772735034444}
{"data":{"depth":1,"maxDepth":1,"maxPages":5,"pageCount":5,"url":"https://pkg.go.dev/search-help"},"hypothesisId":"H3","id":"log_1772735034445567500","location":"crawler/crawler.go:process","message":"enter","runId":"run1","sessionId":"815281","timestamp":1772735034445}
{"data":{"maxPages":5,"pageCount":5,"url":"https://pkg.go.dev/search-help"},"hypothesisId":"H4","id":"log_1772735034446317500","location":"crawler/crawler.go:process","message":"skip_max_pages","runId":"run1","sessionId":"815281","timestamp":1772735034446}
{"data":{"depth":1,"url":"https://pkg.go.dev/search-help"},"hypothesisId":"H1","id":"log_1772735034447022600","location":"crawler/crawler.go:Start-worker","message":"post_process","runId":"run1","sessionId":"815281","timestamp":1772735034447}
{"data":{"depth":1,"url":"https://pkg.go.dev"},"hypothesisId":"H1","id":"log_1772735034447611900","location":"crawler/crawler.go:Start-worker","message":"pre_process","runId":"run1","sessionId":"815281","timestamp":1772735034447}
{"data":{"depth":1,"maxDepth":1,"maxPages":5,"pageCount":5,"url":"https://pkg.go.dev"},"hypothesisId":"H3","id":"log_1772735034448198000","location":"crawler/crawler.go:process","message":"enter","runId":"run1","sessionId":"815281","timestamp":1772735034448}
{"data":{"maxPages":5,"pageCount":5,"url":"https://pkg.go.dev"},"hypothesisId":"H4","id":"log_1772735034448763500","location":"crawler/crawler.go:process","message":"skip_max_pages","runId":"run1","sessionId":"815281","timestamp":1772735034448}
{"data":{"depth":1,"url":"https://pkg.go.dev"},"hypothesisId":"H1","id":"log_1772735034449365600","location":"crawler/crawler.go:Start-worker","message":"post_process","runId":"run1","sessionId":"815281","timestamp":1772735034449}
{"data":{"depth":1,"url":"https://pkg.go.dev/std"},"hypothesisId":"H1","id":"log_1772735034449905300","location":"crawler/crawler.go:Start-worker","message":"pre_process","runId":"run1","sessionId":"815281","timestamp":1772735034449}
{"data":{"depth":1,"maxDepth":1,"maxPages":5,"pageCount":5,"url":"https://pkg.go.dev/std"},"hypothesisId":"H3","id":"log_1772735034450485700","location":"crawler/crawler.go:process","message":"enter","runId":"run1","sessionId":"815281","timestamp":1772735034450}
{"data":{"maxPages":5,"pageCount":5,"url":"https://pkg.go.dev/std"},"hypothesisId":"H4","id":"log_1772735034451065800","location":"crawler/crawler.go:process","message":"skip_max_pages","runId":"run1","sessionId":"815281","timestamp":1772735034451}
{"data":{"depth":1,"url":"https://pkg.go.dev/std"},"hypothesisId":"H1","id":"log_1772735034451644200","location":"crawler/crawler.go:Start-worker","message":"post_process","runId":"run1","sessionId":"815281","timestamp":1772735034451}
{"data":{"depth":1,"url":"https://pkg.go.dev/golang.org/x"},"hypothesisId":"H1","id":"log_1772735034452250900","location":"crawler/crawler.go:Start-worker","message":"pre_process","runId":"run1","sessionId":"815281","timestamp":1772735034452}
{"data":{"depth":1,"maxDepth":1,"maxPages":5,"pageCount":5,"url":"https://pkg.go.dev/golang.org/x"},"hypothesisId":"H3","id":"log_1772735034452813200","location":"crawler/crawler.go:process","message":"enter","runId":"run1","sessionId":"815281","timestamp":1772735034452}
{"data":{"maxPages":5,"pageCount":5,"url":"https://pkg.go.dev/golang.org/x"},"hypothesisId":"H4","id":"log_1772735034453387700","location":"crawler/crawler.go:process","message":"skip_max_pages","runId":"run1","sessionId":"815281","timestamp":1772735034453}
{"data":{"depth":1,"url":"https://pkg.go.dev/golang.org/x"},"hypothesisId":"H1","id":"log_1772735034453387700","location":"crawler/crawler.go:Start-worker","message":"post_process","runId":"run1","sessionId":"815281","timestamp":1772735034453}
{"data":{"depth":1,"url":"https://pkg.go.dev/about"},"hypothesisId":"H1","id":"log_1772735034453959900","location":"crawler/crawler.go:Start-worker","message":"pre_process","runId":"run1","sessionId":"815281","timestamp":1772735034453}
{"data":{"depth":1,"maxDepth":1,"maxPages":5,"pageCount":5,"url":"https://pkg.go.dev/about"},"hypothesisId":"H3","id":"log_1772735034454532700","location":"crawler/crawler.go:process","message":"enter","runId":"run1","sessionId":"815281","timestamp":1772735034454}
{"data":{"maxPages":5,"pageCount":5,"url":"https://pkg.go.dev/about"},"hypothesisId":"H4","id":"log_1772735034455115800","location":"crawler/crawler.go:process","message":"skip_max_pages","runId":"run1","sessionId":"815281","timestamp":1772735034455}
{"data":{"depth":1,"url":"https://pkg.go.dev/about"},"hypothesisId":"H1","id":"log_1772735034455691600","location":"crawler/crawler.go:Start-worker","message":"post_process","runId":"run1","sessionId":"815281","timestamp":1772735034455}
{"data":{"depth":1,"url":"https://pkg.go.dev/#main-content"},"hypothesisId":"H1","id":"log_1772735068776185300","location":"crawler/crawler.go:Start-worker","message":"post_process","runId":"run1","sessionId":"815281","timestamp":1772735068776}
{"data":{"depth":0,"url":"https://pkg.go.dev/"},"hypothesisId":"H1","id":"log_1772735782944649400","location":"crawler/crawler.go:Start","message":"seed_job","runId":"run1","sessionId":"815281","timestamp":1772735782944}
{"data":{},"hypothesisId":"H2","id":"log_1772735782947647400","location":"crawler/crawler.go:Start","message":"wait_begin","runId":"run1","sessionId":"815281","timestamp":1772735782947}
{"data":{"depth":0,"url":"https://pkg.go.dev/"},"hypothesisId":"H1","id":"log_1772735782947647400","location":"crawler/crawler.go:Start-worker","message":"pre_process","runId":"run1","sessionId":"815281","timestamp":1772735782947}
{"data":{"depth":0,"maxDepth":1,"maxPages":5,"pageCount":0,"url":"https://pkg.go.dev/"},"hypothesisId":"H3","id":"log_1772735782948261400","location":"crawler/crawler.go:process","message":"enter","runId":"run1","sessionId":"815281","timestamp":1772735782948}
{"data":{"childUrl":"https://pkg.go.dev/#main-content","depth":1,"parentUrl":"https://pkg.go.dev/"},"hypothesisId":"H6","id":"log_1772735828398290400","location":"crawler/crawler.go:process","message":"enqueue_child","runId":"run1","sessionId":"815281","timestamp":1772735828398}
{"data":{"childUrl":"https://pkg.go.dev/","depth":1,"parentUrl":"https://pkg.go.dev/"},"hypothesisId":"H6","id":"log_1772735828400126900","location":"crawler/crawler.go:process","message":"enqueue_child","runId":"run1","sessionId":"815281","timestamp":1772735828400}
{"data":{"depth":1,"url":"https://pkg.go.dev/#main-content"},"hypothesisId":"H1","id":"log_1772735828400126900","location":"crawler/crawler.go:Start-worker","message":"pre_process","runId":"run1","sessionId":"815281","timestamp":1772735828400}
{"data":{"childUrl":"https://pkg.go.dev/","depth":1,"parentUrl":"https://pkg.go.dev/"},"hypothesisId":"H6","id":"log_1772735828400683400","location":"crawler/crawler.go:process","message":"enqueue_child","runId":"run1","sessionId":"815281","timestamp":1772735828400}
{"data":{"depth":1,"url":"https://pkg.go.dev/"},"hypothesisId":"H1","id":"log_1772735828401254900","location":"crawler/crawler.go:Start-worker","message":"pre_process","runId":"run1","sessionId":"815281","timestamp":1772735828401}
{"data":{"depth":1,"maxDepth":1,"maxPages":5,"pageCount":1,"url":"https://pkg.go.dev/#main-content"},"hypothesisId":"H3","id":"log_1772735828401254900","location":"crawler/crawler.go:process","message":"enter","runId":"run1","sessionId":"815281","timestamp":1772735828401}
{"data":{"childUrl":"https://pkg.go.dev/std","depth":1,"parentUrl":"https://pkg.go.dev/"},"hypothesisId":"H6","id":"log_1772735828401834900","location":"crawler/crawler.go:process","message":"enqueue_child","runId":"run1","sessionId":"815281","timestamp":1772735828401}
{"data":{"depth":1,"url":"https://pkg.go.dev/"},"hypothesisId":"H1","id":"log_1772735828401834900","location":"crawler/crawler.go:Start-worker","message":"pre_process","runId":"run1","sessionId":"815281","timestamp":1772735828401}
{"data":{"depth":1,"maxDepth":1,"maxPages":5,"pageCount":1,"url":"https://pkg.go.dev/"},"hypothesisId":"H3","id":"log_1772735828402391400","location":"crawler/crawler.go:process","message":"enter","runId":"run1","sessionId":"815281","timestamp":1772735828402}
{"data":{"childUrl":"https://pkg.go.dev/","depth":1,"parentUrl":"https://pkg.go.dev/"},"hypothesisId":"H6","id":"log_1772735828402940700","location":"crawler/crawler.go:process","message":"enqueue_child","runId":"run1","sessionId":"815281","timestamp":1772735828402}
{"data":{"depth":1,"url":"https://pkg.go.dev/std"},"hypothesisId":"H1","id":"log_1772735828403509000","location":"crawler/crawler.go:Start-worker","message":"pre_process","runId":"run1","sessionId":"815281","timestamp":1772735828403}
{"data":{"depth":1,"maxDepth":1,"maxPages":5,"pageCount":2,"url":"https://pkg.go.dev/"},"hypothesisId":"H3","id":"log_1772735828403509000","location":"crawler/crawler.go:process","message":"enter","runId":"run1","sessionId":"815281","timestamp":1772735828403}
{"data":{"depth":1,"url":"https://pkg.go.dev/"},"hypothesisId":"H1","id":"log_1772735828403509000","location":"crawler/crawler.go:Start-worker","message":"post_process","runId":"run1","sessionId":"815281","timestamp":1772735828403}
{"data":{"childUrl":"https://pkg.go.dev/","depth":1,"parentUrl":"https://pkg.go.dev/"},"hypothesisId":"H6","id":"log_1772735828403509000","location":"crawler/crawler.go:process","message":"enqueue_child","runId":"run1","sessionId":"815281","timestamp":1772735828403}
{"data":{"depth":1,"maxDepth":1,"maxPages":5,"pageCount":2,"url":"https://pkg.go.dev/std"},"hypothesisId":"H3","id":"log_1772735828404078300","location":"crawler/crawler.go:process","message":"enter","runId":"run1","sessionId":"815281","timestamp":1772735828404}
{"data":{"depth":1,"url":"https://pkg.go.dev/"},"hypothesisId":"H1","id":"log_1772735828404078300","location":"crawler/crawler.go:Start-worker","message":"pre_process","runId":"run1","sessionId":"815281","timestamp":1772735828404}
{"data":{"depth":1,"url":"https://pkg.go.dev/"},"hypothesisId":"H1","id":"log_1772735828404078300","location":"crawler/crawler.go:Start-worker","message":"post_process","runId":"run1","sessionId":"815281","timestamp":1772735828404}
{"data":{"childUrl":"https://pkg.go.dev/","depth":1,"parentUrl":"https://pkg.go.dev/"},"hypothesisId":"H6","id":"log_1772735828404078300","location":"crawler/crawler.go:process","message":"enqueue_child","runId":"run1","sessionId":"815281","timestamp":1772735828404}
{"data":{"depth":1,"maxDepth":1,"maxPages":5,"pageCount":3,"url":"https://pkg.go.dev/"},"hypothesisId":"H3","id":"log_1772735828405221900","location":"crawler/crawler.go:process","message":"enter","runId":"run1","sessionId":"815281","timestamp":1772735828405}
{"data":{"depth":1,"url":"https://pkg.go.dev/"},"hypothesisId":"H1","id":"log_1772735828405221900","location":"crawler/crawler.go:Start-worker","message":"pre_process","runId":"run1","sessionId":"815281","timestamp":1772735828405}
{"data":{"childUrl":"https://pkg.go.dev/","depth":1,"parentUrl":"https://pkg.go.dev/"},"hypothesisId":"H6","id":"log_1772735828405221900","location":"crawler/crawler.go:process","message":"enqueue_child","runId":"run1","sessionId":"815281","timestamp":1772735828405}
{"data":{"depth":1,"url":"https://pkg.go.dev/"},"hypothesisId":"H1","id":"log_1772735828405775300","location":"crawler/crawler.go:Start-worker","message":"post_process","runId":"run1","sessionId":"815281","timestamp":1772735828405}
{"data":{"depth":1,"maxDepth":1,"maxPages":5,"pageCount":3,"url":"https://pkg.go.dev/"},"hypothesisId":"H3","id":"log_1772735828405775300","location":"crawler/crawler.go:process","message":"enter","runId":"run1","sessionId":"815281","timestamp":1772735828405}
{"data":{"childUrl":"https://pkg.go.dev/","depth":1,"parentUrl":"https://pkg.go.dev/"},"hypothesisId":"H6","id":"log_1772735828405775300","location":"crawler/crawler.go:process","message":"enqueue_child","runId":"run1","sessionId":"815281","timestamp":1772735828405}
{"data":{"childUrl":"https://pkg.go.dev/","depth":1,"parentUrl":"https://pkg.go.dev/"},"hypothesisId":"H6","id":"log_1772735828406903100","location":"crawler/crawler.go:process","message":"enqueue_child","runId":"run1","sessionId":"815281","timestamp":1772735828406}
{"data":{"depth":1,"url":"https://pkg.go.dev/"},"hypothesisId":"H1","id":"log_1772735828406903100","location":"crawler/crawler.go:Start-worker","message":"pre_process","runId":"run1","sessionId":"815281","timestamp":1772735828406}
{"data":{"depth":1,"url":"https://pkg.go.dev/"},"hypothesisId":"H1","id":"log_1772735828406903100","location":"crawler/crawler.go:Start-worker","message":"post_process","runId":"run1","sessionId":"815281","timestamp":1772735828406}
{"data":{"childUrl":"https://pkg.go.dev/std","depth":1,"parentUrl":"https://pkg.go.dev/"},"hypothesisId":"H6","id":"log_1772735828408318900","location":"crawler/crawler.go:process","message":"enqueue_child","runId":"run1","sessionId":"815281","timestamp":1772735828408}
{"data":{"depth":1,"maxDepth":1,"maxPages":5,"pageCount":3,"url":"https://pkg.go.dev/"},"hypothesisId":"H3","id":"log_1772735828408318900","location":"crawler/crawler.go:process","message":"enter","runId":"run1","sessionId":"815281","timestamp":1772735828408}
{"data":{"depth":1,"url":"https://pkg.go.dev/"},"hypothesisId":"H1","id":"log_1772735828408318900","location":"crawler/crawler.go:Start-worker","message":"pre_process","runId":"run1","sessionId":"815281","timestamp":1772735828408}
{"data":{"childUrl":"https://pkg.go.dev/","depth":1,"parentUrl":"https://pkg.go.dev/"},"hypothesisId":"H6","id":"log_1772735828409094100","location":"crawler/crawler.go:process","message":"enqueue_child","runId":"run1","sessionId":"815281","timestamp":1772735828409}
{"data":{"depth":1,"url":"https://pkg.go.dev/"},"hypothesisId":"H1","id":"log_1772735828409661700","location":"crawler/crawler.go:Start-worker","message":"post_process","runId":"run1","sessionId":"815281","timestamp":1772735828409}
{"data":{"depth":1,"maxDepth":1,"maxPages":5,"pageCount":3,"url":"https://pkg.go.dev/"},"hypothesisId":"H3","id":"log_1772735828409661700","location":"crawler/crawler.go:process","message":"enter","runId":"run1","sessionId":"815281","timestamp":1772735828409}
{"data":{"childUrl":"https://pkg.go.dev/","depth":1,"parentUrl":"https://pkg.go.dev/"},"hypothesisId":"H6","id":"log_1772735828410248200","location":"crawler/crawler.go:process","message":"enqueue_child","runId":"run1","sessionId":"815281","timestamp":1772735828410}
{"data":{"depth":1,"url":"https://pkg.go.dev/"},"hypothesisId":"H1","id":"log_1772735828410248200","location":"crawler/crawler.go:Start-worker","message":"pre_process","runId":"run1","sessionId":"815281","timestamp":1772735828410}
{"data":{"depth":1,"url":"https://pkg.go.dev/"},"hypothesisId":"H1","id":"log_1772735828410796700","location":"crawler/crawler.go:Start-worker","message":"post_process","runId":"run1","sessionId":"815281","timestamp":1772735828410}
{"data":{"childUrl":"https://pkg.go.dev/","depth":1,"parentUrl":"https://pkg.go.dev/"},"hypothesisId":"H6","id":"log_1772735828410796700","location":"crawler/crawler.go:process","message":"enqueue_child","runId":"run1","sessionId":"815281","timestamp":1772735828410}
{"data":{"depth":1,"url":"https://pkg.go.dev/"},"hypothesisId":"H1","id":"log_1772735828411364900","location":"crawler/crawler.go:Start-worker","message":"pre_process","runId":"run1","sessionId":"815281","timestamp":1772735828411}
{"data":{"depth":1,"maxDepth":1,"maxPages":5,"pageCount":3,"url":"https://pkg.go.dev/"},"hypothesisId":"H3","id":"log_1772735828411364900","location":"crawler/crawler.go:process","message":"enter","runId":"run1","sessionId":"815281","timestamp":1772735828411}
{"data":{"childUrl":"https://pkg.go.dev/search?q=http","depth":1,"parentUrl":"https://pkg.go.dev/"},"hypothesisId":"H6","id":"log_1772735828411364900","location":"crawler/crawler.go:process","message":"enqueue_child","runId":"run1","sessionId":"815281","timestamp":1772735828411}
{"data":{"depth":1,"maxDepth":1,"maxPages":5,"pageCount":3,"url":"https://pkg.go.dev/"},"hypothesisId":"H3","id":"log_1772735828412151400","location":"crawler/crawler.go:process","message":"enter","runId":"run1","sessionId":"815281","timestamp":1772735828412}
{"data":{"childUrl":"https://pkg.go.dev/search?q=command","depth":1,"parentUrl":"https://pkg.go.dev/"},"hypothesisId":"H6","id":"log_1772735828412151400","location":"crawler/crawler.go:process","message":"enqueue_child","runId":"run1","sessionId":"815281","timestamp":1772735828412}
{"data":{"depth":1,"url":"https://pkg.go.dev/"},"hypothesisId":"H1","id":"log_1772735828412151400","location":"crawler/crawler.go:Start-worker","message":"post_process","runId":"run1","sessionId":"815281","timestamp":1772735828412}
{"data":{"depth":1,"url":"https://pkg.go.dev/std"},"hypothesisId":"H1","id":"log_1772735828413276400","location":"crawler/crawler.go:Start-worker","message":"pre_process","runId":"run1","sessionId":"815281","timestamp":1772735828413}
{"data":{"childUrl":"https://pkg.go.dev/search-help","depth":1,"parentUrl":"https://pkg.go.dev/"},"hypothesisId":"H6","id":"log_1772735828413276400","location":"crawler/crawler.go:process","message":"enqueue_child","runId":"run1","sessionId":"815281","timestamp":1772735828413}
{"data":{"depth":1,"url":"https://pkg.go.dev/"},"hypothesisId":"H1","id":"log_1772735828413276400","location":"crawler/crawler.go:Start-worker","message":"post_process","runId":"run1","sessionId":"815281","timestamp":1772735828413}
{"data":{"depth":1,"maxDepth":1,"maxPages":5,"pageCount":3,"url":"https://pkg.go.dev/std"},"hypothesisId":"H3","id":"log_1772735828413846400","location":"crawler/crawler.go:process","message":"enter","runId":"run1","sessionId":"815281","timestamp":1772735828413}
{"data":{"childUrl":"https://pkg.go.dev/search?q=Unmarshal","depth":1,"parentUrl":"https://pkg.go.dev/"},"hypothesisId":"H6","id":"log_1772735828413846400","location":"crawler/crawler.go:process","message":"enqueue_child","runId":"run1","sessionId":"815281","timestamp":1772735828413}
{"data":{"depth":1,"url":"https://pkg.go.dev/"},"hypothesisId":"H1","id":"log_1772735828413846400","location":"crawler/crawler.go:Start-worker","message":"pre_process","runId":"run1","sessionId":"815281","timestamp":1772735828413}
{"data":{"depth":1,"url":"https://pkg.go.dev/std"},"hypothesisId":"H1","id":"log_1772735828414416500","location":"crawler/crawler.go:Start-worker","message":"post_process","runId":"run1","sessionId":"815281","timestamp":1772735828414}
{"data":{"childUrl":"https://pkg.go.dev/search?q=io.Reader","depth":1,"parentUrl":"https://pkg.go.dev/"},"hypothesisId":"H6","id":"log_1772735828414416500","location":"crawler/crawler.go:process","message":"enqueue_child","runId":"run1","sessionId":"815281","timestamp":1772735828414}
{"data":{"depth":1,"maxDepth":1,"maxPages":5,"pageCount":3,"url":"https://pkg.go.dev/"},"hypothesisId":"H3","id":"log_1772735828414997300","location":"crawler/crawler.go:process","message":"enter","runId":"run1","sessionId":"815281","timestamp":1772735828414}
{"data":{"depth":1,"url":"https://pkg.go.dev/"},"hypothesisId":"H1","id":"log_1772735828414997300","location":"crawler/crawler.go:Start-worker","message":"pre_process","runId":"run1","sessionId":"815281","timestamp":1772735828414}
{"data":{"childUrl":"https://pkg.go.dev/search-help","depth":1,"parentUrl":"https://pkg.go.dev/"},"hypothesisId":"H6","id":"log_1772735828414997300","location":"crawler/crawler.go:process","message":"enqueue_child","runId":"run1","sessionId":"815281","timestamp":1772735828414}
{"data":{"depth":1,"url":"https://pkg.go.dev/"},"hypothesisId":"H1","id":"log_1772735828415667000","location":"crawler/crawler.go:Start-worker","message":"post_process","runId":"run1","sessionId":"815281","timestamp":1772735828415}
{"data":{"depth":1,"maxDepth":1,"maxPages":5,"pageCount":3,"url":"https://pkg.go.dev/"},"hypothesisId":"H3","id":"log_1772735828416204900","location":"crawler/crawler.go:process","message":"enter","runId":"run1","sessionId":"815281","timestamp":1772735828416}
{"data":{"childUrl":"https://pkg.go.dev/search?q=golang.org%2fx%20%23error","depth":1,"parentUrl":"https://pkg.go.dev/"},"hypothesisId":"H6","id":"log_1772735828416204900","location":"crawler/crawler.go:process","message":"enqueue_child","runId":"run1","sessionId":"815281","timestamp":1772735828416}
{"data":{"depth":1,"url":"https://pkg.go.dev/"},"hypothesisId":"H1","id":"log_1772735828416204900","location":"crawler/crawler.go:Start-worker","message":"pre_process","runId":"run1","sessionId":"815281","timestamp":1772735828416}
{"data":{"depth":1,"maxDepth":1,"maxPages":5,"pageCount":3,"url":"https://pkg.go.dev/"},"hypothesisId":"H3","id":"log_1772735828417365400","location":"crawler/crawler.go:process","message":"enter","runId":"run1","sessionId":"815281","timestamp":1772735828417}
{"data":{"childUrl":"https://pkg.go.dev/search?q=%23reader%20io","depth":1,"parentUrl":"https://pkg.go.dev/"},"hypothesisId":"H6","id":"log_1772735828417365400","location":"crawler/crawler.go:process","message":"enqueue_child","runId":"run1","sessionId":"815281","timestamp":1772735828417}
{"data":{"depth":1,"url":"https://pkg.go.dev/"},"hypothesisId":"H1","id":"log_1772735828417365400","location":"crawler/crawler.go:Start-worker","message":"post_process","runId":"run1","sessionId":"815281","timestamp":1772735828417}
{"data":{"depth":1,"url":"https://pkg.go.dev/"},"hypothesisId":"H1","id":"log_1772735828418050100","location":"crawler/crawler.go:Start-worker","message":"post_process","runId":"run1","sessionId":"815281","timestamp":1772735828418}
{"data":{"childUrl":"https://pkg.go.dev/search-help","depth":1,"parentUrl":"https://pkg.go.dev/"},"hypothesisId":"H6","id":"log_1772735828418050100","location":"crawler/crawler.go:process","message":"enqueue_child","runId":"run1","sessionId":"815281","timestamp":1772735828418}
{"data":{"depth":1,"url":"https://pkg.go.dev/search?q=http"},"hypothesisId":"H1","id":"log_1772735828418050100","location":"crawler/crawler.go:Start-worker","message":"pre_process","runId":"run1","sessionId":"815281","timestamp":1772735828418}
{"data":{"depth":1,"url":"https://pkg.go.dev/search?q=command"},"hypothesisId":"H1","id":"log_1772735828418640700","location":"crawler/crawler.go:Start-worker","message":"pre_process","runId":"run1","sessionId":"815281","timestamp":1772735828418}
{"data":{"childUrl":"https://pkg.go.dev","depth":1,"parentUrl":"https://pkg.go.dev/"},"hypothesisId":"H6","id":"log_1772735828418640700","location":"crawler/crawler.go:process","message":"enqueue_child","runId":"run1","sessionId":"815281","timestamp":1772735828418}
{"data":{"depth":1,"maxDepth":1,"maxPages":5,"pageCount":3,"url":"https://pkg.go.dev/search?q=command"},"hypothesisId":"H3","id":"log_1772735828419218900","location":"crawler/crawler.go:process","message":"enter","runId":"run1","sessionId":"815281","timestamp":1772735828419}
{"data":{"depth":1,"maxDepth":1,"maxPages":5,"pageCount":3,"url":"https://pkg.go.dev/search?q=http"},"hypothesisId":"H3","id":"log_1772735828419218900","location":"crawler/crawler.go:process","message":"enter","runId":"run1","sessionId":"815281","timestamp":1772735828419}
{"data":{"childUrl":"https://pkg.go.dev/std","depth":1,"parentUrl":"https://pkg.go.dev/"},"hypothesisId":"H6","id":"log_1772735828419798600","location":"crawler/crawler.go:process","message":"enqueue_child","runId":"run1","sessionId":"815281","timestamp":1772735828419}
{"data":{"childUrl":"https://pkg.go.dev/golang.org/x","depth":1,"parentUrl":"https://pkg.go.dev/"},"hypothesisId":"H6","id":"log_1772735828420381100","location":"crawler/crawler.go:process","message":"enqueue_child","runId":"run1","sessionId":"815281","timestamp":1772735828420}
{"data":{"childUrl":"https://pkg.go.dev/about","depth":1,"parentUrl":"https://pkg.go.dev/"},"hypothesisId":"H6","id":"log_1772735828420381100","location":"crawler/crawler.go:process","message":"enqueue_child","runId":"run1","sessionId":"815281","timestamp":1772735828420}
{"data":{"depth":0,"url":"https://pkg.go.dev/"},"hypothesisId":"H1","id":"log_1772735828420964200","location":"crawler/crawler.go:Start-worker","message":"post_process","runId":"run1","sessionId":"815281","timestamp":1772735828420}
{"data":{"depth":1,"url":"https://pkg.go.dev/search-help"},"hypothesisId":"H1","id":"log_1772735828421563300","location":"crawler/crawler.go:Start-worker","message":"pre_process","runId":"run1","sessionId":"815281","timestamp":1772735828421}
{"data":{"depth":1,"maxDepth":1,"maxPages":5,"pageCount":5,"url":"https://pkg.go.dev/search-help"},"hypothesisId":"H3","id":"log_1772735828422173500","location":"crawler/crawler.go:process","message":"enter","runId":"run1","sessionId":"815281","timestamp":1772735828422}
{"data":{"maxPages":5,"pageCount":5,"url":"https://pkg.go.dev/search-help"},"hypothesisId":"H4","id":"log_1772735828422173500","location":"crawler/crawler.go:process","message":"skip_max_pages","runId":"run1","sessionId":"815281","timestamp":1772735828422}
{"data":{"depth":1,"url":"https://pkg.go.dev/search-help"},"hypothesisId":"H1","id":"log_1772735828422784400","location":"crawler/crawler.go:Start-worker","message":"post_process","runId":"run1","sessionId":"815281","timestamp":1772735828422}
{"data":{"depth":1,"url":"https://pkg.go.dev/search?q=Unmarshal"},"hypothesisId":"H1","id":"log_1772735828423536500","location":"crawler/crawler.go:Start-worker","message":"pre_process","runId":"run1","sessionId":"815281","timestamp":1772735828423}
{"data":{"depth":1,"maxDepth":1,"maxPages":5,"pageCount":5,"url":"https://pkg.go.dev/search?q=Unmarshal"},"hypothesisId":"H3","id":"log_1772735828424107100","location":"crawler/crawler.go:process","message":"enter","runId":"run1","sessionId":"815281","timestamp":1772735828424}
{"data":{"maxPages":5,"pageCount":5,"url":"https://pkg.go.dev/search?q=Unmarshal"},"hypothesisId":"H4","id":"log_1772735828424799900","location":"crawler/crawler.go:process","message":"skip_max_pages","runId":"run1","sessionId":"815281","timestamp":1772735828424}
{"data":{"depth":1,"url":"https://pkg.go.dev/search?q=Unmarshal"},"hypothesisId":"H1","id":"log_1772735828425468500","location":"crawler/crawler.go:Start-worker","message":"post_process","runId":"run1","sessionId":"815281","timestamp":1772735828425}
{"data":{"depth":1,"url":"https://pkg.go.dev/search?q=io.Reader"},"hypothesisId":"H1","id":"log_1772735828426825800","location":"crawler/crawler.go:Start-worker","message":"pre_process","runId":"run1","sessionId":"815281","timestamp":1772735828426}
{"data":{"depth":1,"maxDepth":1,"maxPages":5,"pageCount":5,"url":"https://pkg.go.dev/search?q=io.Reader"},"hypothesisId":"H3","id":"log_1772735828427431600","location":"crawler/crawler.go:process","message":"enter","runId":"run1","sessionId":"815281","timestamp":1772735828427}
{"data":{"maxPages":5,"pageCount":5,"url":"https://pkg.go.dev/search?q=io.Reader"},"hypothesisId":"H4","id":"log_1772735828428024800","location":"crawler/crawler.go:process","message":"skip_max_pages","runId":"run1","sessionId":"815281","timestamp":1772735828428}
{"data":{"depth":1,"url":"https://pkg.go.dev/search?q=io.Reader"},"hypothesisId":"H1","id":"log_1772735828428613200","location":"crawler/crawler.go:Start-worker","message":"post_process","runId":"run1","sessionId":"815281","timestamp":1772735828428}
{"data":{"depth":1,"url":"https://pkg.go.dev/search-help"},"hypothesisId":"H1","id":"log_1772735828428613200","location":"crawler/crawler.go:Start-worker","message":"pre_process","runId":"run1","sessionId":"815281","timestamp":1772735828428}
{"data":{"depth":1,"maxDepth":1,"maxPages":5,"pageCount":5,"url":"https://pkg.go.dev/search-help"},"hypothesisId":"H3","id":"log_1772735828429152000","location":"crawler/crawler.go:process","message":"enter","runId":"run1","sessionId":"815281","timestamp":1772735828429}
{"data":{"maxPages":5,"pageCount":5,"url":"https://pkg.go.dev/search-help"},"hypothesisId":"H4","id":"log_1772735828429695100","location":"crawler/crawler.go:process","message":"skip_max_pages","runId":"run1","sessionId":"815281","timestamp":1772735828429}
{"data":{"depth":1,"url":"https://pkg.go.dev/search-help"},"hypothesisId":"H1","id":"log_1772735828429695100","location":"crawler/crawler.go:Start-worker","message":"post_process","runId":"run1","sessionId":"815281","timestamp":1772735828429}
{"data":{"depth":1,"url":"https://pkg.go.dev/search?q=golang.org%2fx%20%23error"},"hypothesisId":"H1","id":"log_1772735828430240600","location":"crawler/crawler.go:Start-worker","message":"pre_process","runId":"run1","sessionId":"815281","timestamp":1772735828430}
{"data":{"depth":1,"maxDepth":1,"maxPages":5,"pageCount":5,"url":"https://pkg.go.dev/search?q=golang.org%2fx%20%23error"},"hypothesisId":"H3","id":"log_1772735828430823300","location":"crawler/crawler.go:process","message":"enter","runId":"run1","sessionId":"815281","timestamp":1772735828430}
{"data":{"maxPages":5,"pageCount":5,"url":"https://pkg.go.dev/search?q=golang.org%2fx%20%23error"},"hypothesisId":"H4","id":"log_1772735828431424200","location":"crawler/crawler.go:process","message":"skip_max_pages","runId":"run1","sessionId":"815281","timestamp":1772735828431}
{"data":{"depth":1,"url":"https://pkg.go.dev/search?q=golang.org%2fx%20%23error"},"hypothesisId":"H1","id":"log_1772735828431424200","location":"crawler/crawler.go:Start-worker","message":"post_process","runId":"run1","sessionId":"815281","timestamp":1772735828431}
{"data":{"depth":1,"url":"https://pkg.go.dev/search?q=%23reader%20io"},"hypothesisId":"H1","id":"log_1772735828432024300","location":"crawler/crawler.go:Start-worker","message":"pre_process","runId":"run1","sessionId":"815281","timestamp":1772735828432}
{"data":{"depth":1,"maxDepth":1,"maxPages":5,"pageCount":5,"url":"https://pkg.go.dev/search?q=%23reader%20io"},"hypothesisId":"H3","id":"log_1772735828432591200","location":"crawler/crawler.go:process","message":"enter","runId":"run1","sessionId":"815281","timestamp":1772735828432}
{"data":{"maxPages":5,"pageCount":5,"url":"https://pkg.go.dev/search?q=%23reader%20io"},"hypothesisId":"H4","id":"log_1772735828433165300","location":"crawler/crawler.go:process","message":"skip_max_pages","runId":"run1","sessionId":"815281","timestamp":1772735828433}
{"data":{"depth":1,"url":"https://pkg.go.dev/search?q=%23reader%20io"},"hypothesisId":"H1","id":"log_1772735828433165300","location":"crawler/crawler.go:Start-worker","message":"post_process","runId":"run1","sessionId":"815281","timestamp":1772735828433}
{"data":{"depth":1,"url":"https://pkg.go.dev/search-help"},"hypothesisId":"H1","id":"log_1772735828433750300","location":"crawler/crawler.go:Start-worker","message":"pre_process","runId":"run1","sessionId":"815281","timestamp":1772735828433}
{"data":{"depth":1,"maxDepth":1,"maxPages":5,"pageCount":5,"url":"https://pkg.go.dev/search-help"},"hypothesisId":"H3","id":"log_1772735828434330000","location":"crawler/crawler.go:process","message":"enter","runId":"run1","sessionId":"815281","timestamp":1772735828434}
{"data":{"maxPages":5,"pageCount":5,"url":"https://pkg.go.dev/search-help"},"hypothesisId":"H4","id":"log_1772735828434330000","location":"crawler/crawler.go:process","message":"skip_max_pages","runId":"run1","sessionId":"815281","timestamp":1772735828434}
{"data":{"depth":1,"url":"https://pkg.go.dev/search-help"},"hypothesisId":"H1","id":"log_1772735828434903600","location":"crawler/crawler.go:Start-worker","message":"post_process","runId":"run1","sessionId":"815281","timestamp":1772735828434}
{"data":{"depth":1,"url":"https://pkg.go.dev"},"hypothesisId":"H1","id":"log_1772735828434903600","location":"crawler/crawler.go:Start-worker","message":"pre_process","runId":"run1","sessionId":"815281","timestamp":1772735828434}
{"data":{"depth":1,"maxDepth":1,"maxPages":5,"pageCount":5,"url":"https://pkg.go.dev"},"hypothesisId":"H3","id":"log_1772735828435478200","location":"crawler/crawler.go:process","message":"enter","runId":"run1","sessionId":"815281","timestamp":1772735828435}
{"data":{"maxPages":5,"pageCount":5,"url":"https://pkg.go.dev"},"hypothesisId":"H4","id":"log_1772735828436058100","location":"crawler/crawler.go:process","message":"skip_max_pages","runId":"run1","sessionId":"815281","timestamp":1772735828436}
{"data":{"depth":1,"url":"https://pkg.go.dev"},"hypothesisId":"H1","id":"log_1772735828436058100","location":"crawler/crawler.go:Start-worker","message":"post_process","runId":"run1","sessionId":"815281","timestamp":1772735828436}
{"data":{"depth":1,"url":"https://pkg.go.dev/std"},"hypothesisId":"H1","id":"log_1772735828436058100","location":"crawler/crawler.go:Start-worker","message":"pre_process","runId":"run1","sessionId":"815281","timestamp":1772735828436}
{"data":{"depth":1,"maxDepth":1,"maxPages":5,"pageCount":5,"url":"https://pkg.go.dev/std"},"hypothesisId":"H3","id":"log_1772735828436058100","location":"crawler/crawler.go:process","message":"enter","runId":"run1","sessionId":"815281","timestamp":1772735828436}
{"data":{"maxPages":5,"pageCount":5,"url":"https://pkg.go.dev/std"},"hypothesisId":"H4","id":"log_1772735828437073000","location":"crawler/crawler.go:process","message":"skip_max_pages","runId":"run1","sessionId":"815281","timestamp":1772735828437}
{"data":{"depth":1,"url":"https://pkg.go.dev/std"},"hypothesisId":"H1","id":"log_1772735828437585400","location":"crawler/crawler.go:Start-worker","message":"post_process","runId":"run1","sessionId":"815281","timestamp":1772735828437}
{"data":{"depth":1,"url":"https://pkg.go.dev/golang.org/x"},"hypothesisId":"H1","id":"log_1772735828437585400","location":"crawler/crawler.go:Start-worker","message":"pre_process","runId":"run1","sessionId":"815281","timestamp":1772735828437}
{"data":{"depth":1,"maxDepth":1,"maxPages":5,"pageCount":5,"url":"https://pkg.go.dev/golang.org/x"},"hypothesisId":"H3","id":"log_1772735828438598500","location":"crawler/crawler.go:process","message":"enter","runId":"run1","sessionId":"815281","timestamp":1772735828438}
{"data":{"maxPages":5,"pageCount":5,"url":"https://pkg.go.dev/golang.org/x"},"hypothesisId":"H4","id":"log_1772735828438598500","location":"crawler/crawler.go:process","message":"skip_max_pages","runId":"run1","sessionId":"815281","timestamp":1772735828438}
{"data":{"depth":1,"url":"https://pkg.go.dev/golang.org/x"},"hypothesisId":"H1","id":"log_1772735828439619400","location":"crawler/crawler.go:Start-worker","message":"post_process","runId":"run1","sessionId":"815281","timestamp":1772735828439}
{"data":{"depth":1,"url":"https://pkg.go.dev/about"},"hypothesisId":"H1","id":"log_1772735828439619400","location":"crawler/crawler.go:Start-worker","message":"pre_process","runId":"run1","sessionId":"815281","timestamp":1772735828439}
{"data":{"depth":1,"maxDepth":1,"maxPages":5,"pageCount":5,"url":"https://pkg.go.dev/about"},"hypothesisId":"H3","id":"log_1772735828440619900","location":"crawler/crawler.go:process","message":"enter","runId":"run1","sessionId":"815281","timestamp":1772735828440}
{"data":{"maxPages":5,"pageCount":5,"url":"https://pkg.go.dev/about"},"hypothesisId":"H4","id":"log_1772735828441617700","location":"crawler/crawler.go:process","message":"skip_max_pages","runId":"run1","sessionId":"815281","timestamp":1772735828441}
{"data":{"depth":1,"url":"https://pkg.go.dev/about"},"hypothesisId":"H1","id":"log_1772735828442708600","location":"crawler/crawler.go:Start-worker","message":"post_process","runId":"run1","sessionId":"815281","timestamp":1772735828442}
{"data":{"depth":1,"url":"https://pkg.go.dev/#main-content"},"hypothesisId":"H1","id":"log_1772735866093360200","location":"crawler/crawler.go:Start-worker","message":"post_process","runId":"run1","sessionId":"815281","timestamp":1772735866093}
